1775130625.574215 client started (14579): version 3.2a, socket /tmp/tmux-1001/default, protocol 8
1775130625.574243 on Linux 6.17.8-orbstack-00308-g8f9c941121b1 #1 SMP PREEMPT Thu Nov 20 09:34:02 UTC 2025
1775130625.574254 using libevent 2.1.12-stable (poll); ncurses 6.3
1775130625.574271 flags are 0x10010000
1775130625.574280 socket is /tmp/tmux-1001/default
1775130625.574292 trying connect
1775130625.574398 add peer 0xaaaae6e96250: 6 ((nil))
1775130625.574638 sending message 100 to peer 0xaaaae6e96250 (4 bytes)
1775130625.574647 sending message 111 to peer 0xaaaae6e96250 (8 bytes)
1775130625.574651 sending message 101 to peer 0xaaaae6e96250 (7 bytes)
1775130625.574656 sending message 109 to peer 0xaaaae6e96250 (4 bytes)
1775130625.574660 sending message 102 to peer 0xaaaae6e96250 (11 bytes)
1775130625.574665 sending message 108 to peer 0xaaaae6e96250 (28 bytes)
1775130625.574670 sending message 112 to peer 0xaaaae6e96250 (70 bytes)
1775130625.574674 sending message 112 to peer 0xaaaae6e96250 (5 bytes)
1775130625.574679 sending message 112 to peer 0xaaaae6e96250 (5 bytes)
1775130625.574683 sending message 112 to peer 0xaaaae6e96250 (6 bytes)
1775130625.574687 sending message 112 to peer 0xaaaae6e96250 (6 bytes)
1775130625.574692 sending message 112 to peer 0xaaaae6e96250 (11 bytes)
1775130625.574696 sending message 112 to peer 0xaaaae6e96250 (10 bytes)
1775130625.574700 sending message 112 to peer 0xaaaae6e96250 (13 bytes)
1775130625.574704 sending message 112 to peer 0xaaaae6e96250 (13 bytes)
1775130625.574709 sending message 112 to peer 0xaaaae6e96250 (18 bytes)
1775130625.574713 sending message 112 to peer 0xaaaae6e96250 (9 bytes)
1775130625.574717 sending message 112 to peer 0xaaaae6e96250 (21 bytes)
1775130625.574721 sending message 112 to peer 0xaaaae6e96250 (13 bytes)
1775130625.574725 sending message 112 to peer 0xaaaae6e96250 (7 bytes)
1775130625.574730 sending message 112 to peer 0xaaaae6e96250 (13 bytes)
1775130625.574735 sending message 112 to peer 0xaaaae6e96250 (7 bytes)
1775130625.574739 sending message 112 to peer 0xaaaae6e96250 (13 bytes)
1775130625.574743 sending message 112 to peer 0xaaaae6e96250 (9 bytes)
1775130625.574748 sending message 112 to peer 0xaaaae6e96250 (21 bytes)
1775130625.574752 sending message 112 to peer 0xaaaae6e96250 (13 bytes)
1775130625.574756 sending message 112 to peer 0xaaaae6e96250 (8 bytes)
1775130625.574760 sending message 112 to peer 0xaaaae6e96250 (12 bytes)
1775130625.574765 sending message 112 to peer 0xaaaae6e96250 (13 bytes)
1775130625.574769 sending message 112 to peer 0xaaaae6e96250 (9 bytes)
1775130625.574773 sending message 112 to peer 0xaaaae6e96250 (9 bytes)
1775130625.574777 sending message 112 to peer 0xaaaae6e96250 (12 bytes)
1775130625.574782 sending message 112 to peer 0xaaaae6e96250 (8 bytes)
1775130625.574791 sending message 112 to peer 0xaaaae6e96250 (7 bytes)
1775130625.574796 sending message 112 to peer 0xaaaae6e96250 (7 bytes)
1775130625.574800 sending message 112 to peer 0xaaaae6e96250 (9 bytes)
1775130625.574804 sending message 112 to peer 0xaaaae6e96250 (13 bytes)
1775130625.574808 sending message 112 to peer 0xaaaae6e96250 (9 bytes)
1775130625.574818 sending message 112 to peer 0xaaaae6e96250 (15 bytes)
1775130625.574823 sending message 112 to peer 0xaaaae6e96250 (13 bytes)
1775130625.574827 sending message 112 to peer 0xaaaae6e96250 (12 bytes)
1775130625.574831 sending message 112 to peer 0xaaaae6e96250 (8 bytes)
1775130625.574836 sending message 112 to peer 0xaaaae6e96250 (14 bytes)
1775130625.574840 sending message 112 to peer 0xaaaae6e96250 (9 bytes)
1775130625.574844 sending message 112 to peer 0xaaaae6e96250 (10 bytes)
1775130625.574848 sending message 112 to peer 0xaaaae6e96250 (10 bytes)
1775130625.574853 sending message 112 to peer 0xaaaae6e96250 (10 bytes)
1775130625.574857 sending message 112 to peer 0xaaaae6e96250 (10 bytes)
1775130625.574861 sending message 112 to peer 0xaaaae6e96250 (11 bytes)
1775130625.574870 sending message 112 to peer 0xaaaae6e96250 (10 bytes)
1775130625.574875 sending message 112 to peer 0xaaaae6e96250 (8 bytes)
1775130625.574884 sending message 112 to peer 0xaaaae6e96250 (11 bytes)
1775130625.574894 sending message 112 to peer 0xaaaae6e96250 (11 bytes)
1775130625.574898 sending message 112 to peer 0xaaaae6e96250 (11 bytes)
1775130625.574903 sending message 112 to peer 0xaaaae6e96250 (8 bytes)
1775130625.574907 sending message 112 to peer 0xaaaae6e96250 (8 bytes)
1775130625.574911 sending message 112 to peer 0xaaaae6e96250 (8 bytes)
1775130625.574915 sending message 112 to peer 0xaaaae6e96250 (10 bytes)
1775130625.574920 sending message 112 to peer 0xaaaae6e96250 (10 bytes)
1775130625.574924 sending message 112 to peer 0xaaaae6e96250 (10 bytes)
1775130625.574928 sending message 112 to peer 0xaaaae6e96250 (10 bytes)
1775130625.574932 sending message 112 to peer 0xaaaae6e96250 (10 bytes)
1775130625.574937 sending message 112 to peer 0xaaaae6e96250 (11 bytes)
1775130625.574941 sending message 112 to peer 0xaaaae6e96250 (11 bytes)
1775130625.574945 sending message 112 to peer 0xaaaae6e96250 (10 bytes)
1775130625.574949 sending message 112 to peer 0xaaaae6e96250 (9 bytes)
1775130625.574953 sending message 112 to peer 0xaaaae6e96250 (9 bytes)
1775130625.574957 sending message 112 to peer 0xaaaae6e96250 (12 bytes)
1775130625.574962 sending message 112 to peer 0xaaaae6e96250 (9 bytes)
1775130625.574966 sending message 112 to peer 0xaaaae6e96250 (6 bytes)
1775130625.574971 sending message 112 to peer 0xaaaae6e96250 (8 bytes)
1775130625.574975 sending message 112 to peer 0xaaaae6e96250 (15 bytes)
1775130625.574990 sending message 112 to peer 0xaaaae6e96250 (13 bytes)
1775130625.574995 sending message 112 to peer 0xaaaae6e96250 (16 bytes)
1775130625.574999 sending message 112 to peer 0xaaaae6e96250 (16 bytes)
1775130625.575004 sending message 112 to peer 0xaaaae6e96250 (10 bytes)
1775130625.575008 sending message 112 to peer 0xaaaae6e96250 (8 bytes)
1775130625.575012 sending message 112 to peer 0xaaaae6e96250 (15 bytes)
1775130625.575017 sending message 112 to peer 0xaaaae6e96250 (13 bytes)
1775130625.575021 sending message 112 to peer 0xaaaae6e96250 (10 bytes)
1775130625.575025 sending message 112 to peer 0xaaaae6e96250 (10 bytes)
1775130625.575029 sending message 112 to peer 0xaaaae6e96250 (5 bytes)
1775130625.575034 sending message 112 to peer 0xaaaae6e96250 (15 bytes)
1775130625.575039 sending message 104 to peer 0xaaaae6e96250 (0 bytes)
1775130625.575043 sending message 110 to peer 0xaaaae6e96250 (0 bytes)
1775130625.575048 sending message 107 to peer 0xaaaae6e96250 (4 bytes)
1775130625.575053 sending message 105 to peer 0xaaaae6e96250 (83 bytes)
1775130625.575057 sending message 105 to peer 0xaaaae6e96250 (364 bytes)
1775130625.575062 sending message 105 to peer 0xaaaae6e96250 (32 bytes)
1775130625.575066 sending message 105 to peer 0xaaaae6e96250 (27 bytes)
1775130625.575070 sending message 105 to peer 0xaaaae6e96250 (26 bytes)
1775130625.575074 sending message 105 to peer 0xaaaae6e96250 (27 bytes)
1775130625.575079 sending message 105 to peer 0xaaaae6e96250 (18 bytes)
1775130625.575083 sending message 105 to peer 0xaaaae6e96250 (17 bytes)
1775130625.575087 sending message 105 to peer 0xaaaae6e96250 (26 bytes)
1775130625.575092 sending message 105 to peer 0xaaaae6e96250 (278 bytes)
1775130625.575096 sending message 105 to peer 0xaaaae6e96250 (23 bytes)
1775130625.575101 sending message 105 to peer 0xaaaae6e96250 (22 bytes)
1775130625.575105 sending message 105 to peer 0xaaaae6e96250 (32 bytes)
1775130625.575110 sending message 105 to peer 0xaaaae6e96250 (15 bytes)
1775130625.575118 sending message 105 to peer 0xaaaae6e96250 (29 bytes)
1775130625.575123 sending message 105 to peer 0xaaaae6e96250 (36 bytes)
1775130625.575128 sending message 105 to peer 0xaaaae6e96250 (25 bytes)
1775130625.575132 sending message 105 to peer 0xaaaae6e96250 (23 bytes)
1775130625.575137 sending message 105 to peer 0xaaaae6e96250 (12 bytes)
1775130625.575141 sending message 105 to peer 0xaaaae6e96250 (48 bytes)
1775130625.575145 sending message 105 to peer 0xaaaae6e96250 (13 bytes)
1775130625.575167 sending message 105 to peer 0xaaaae6e96250 (19 bytes)
1775130625.575174 sending message 105 to peer 0xaaaae6e96250 (47 bytes)
1775130625.575182 sending message 105 to peer 0xaaaae6e96250 (19 bytes)
1775130625.575188 sending message 105 to peer 0xaaaae6e96250 (17 bytes)
1775130625.575192 sending message 105 to peer 0xaaaae6e96250 (19 bytes)
1775130625.575197 sending message 105 to peer 0xaaaae6e96250 (26 bytes)
1775130625.575205 sending message 105 to peer 0xaaaae6e96250 (31 bytes)
1775130625.575210 sending message 105 to peer 0xaaaae6e96250 (8 bytes)
1775130625.575214 sending message 105 to peer 0xaaaae6e96250 (16 bytes)
1775130625.575218 sending message 105 to peer 0xaaaae6e96250 (32 bytes)
1775130625.575223 sending message 105 to peer 0xaaaae6e96250 (1519 bytes)
1775130625.575228 sending message 105 to peer 0xaaaae6e96250 (27 bytes)
1775130625.575232 sending message 105 to peer 0xaaaae6e96250 (22 bytes)
1775130625.575237 sending message 105 to peer 0xaaaae6e96250 (20 bytes)
1775130625.575241 sending message 105 to peer 0xaaaae6e96250 (38 bytes)
1775130625.575245 sending message 105 to peer 0xaaaae6e96250 (15 bytes)
1775130625.575250 sending message 105 to peer 0xaaaae6e96250 (19 bytes)
1775130625.575254 sending message 105 to peer 0xaaaae6e96250 (29 bytes)
1775130625.575263 sending message 105 to peer 0xaaaae6e96250 (12 bytes)
1775130625.575267 sending message 105 to peer 0xaaaae6e96250 (11 bytes)
1775130625.575271 sending message 105 to peer 0xaaaae6e96250 (232 bytes)
1775130625.575276 sending message 105 to peer 0xaaaae6e96250 (32 bytes)
1775130625.575280 sending message 105 to peer 0xaaaae6e96250 (32 bytes)
1775130625.575284 sending message 105 to peer 0xaaaae6e96250 (16 bytes)
1775130625.575289 sending message 105 to peer 0xaaaae6e96250 (34 bytes)
1775130625.575293 sending message 105 to peer 0xaaaae6e96250 (24 bytes)
1775130625.575297 sending message 105 to peer 0xaaaae6e96250 (95 bytes)
1775130625.575306 sending message 105 to peer 0xaaaae6e96250 (19 bytes)
1775130625.575310 sending message 105 to peer 0xaaaae6e96250 (8 bytes)
1775130625.575314 sending message 105 to peer 0xaaaae6e96250 (45 bytes)
1775130625.575319 sending message 105 to peer 0xaaaae6e96250 (33 bytes)
1775130625.575323 sending message 105 to peer 0xaaaae6e96250 (50 bytes)
1775130625.575328 sending message 105 to peer 0xaaaae6e96250 (19 bytes)
1775130625.575332 sending message 105 to peer 0xaaaae6e96250 (38 bytes)
1775130625.575336 sending message 105 to peer 0xaaaae6e96250 (19 bytes)
1775130625.575340 sending message 105 to peer 0xaaaae6e96250 (12 bytes)
1775130625.575349 sending message 105 to peer 0xaaaae6e96250 (18 bytes)
1775130625.575353 sending message 105 to peer 0xaaaae6e96250 (26 bytes)
1775130625.575357 sending message 105 to peer 0xaaaae6e96250 (35 bytes)
1775130625.575362 sending message 105 to peer 0xaaaae6e96250 (13 bytes)
1775130625.575366 sending message 105 to peer 0xaaaae6e96250 (54 bytes)
1775130625.575370 sending message 105 to peer 0xaaaae6e96250 (13 bytes)
1775130625.575374 sending message 105 to peer 0xaaaae6e96250 (12 bytes)
1775130625.575379 sending message 105 to peer 0xaaaae6e96250 (29 bytes)
1775130625.575383 sending message 105 to peer 0xaaaae6e96250 (16 bytes)
1775130625.575387 sending message 105 to peer 0xaaaae6e96250 (33 bytes)
1775130625.575391 sending message 105 to peer 0xaaaae6e96250 (35 bytes)
1775130625.575396 sending message 105 to peer 0xaaaae6e96250 (34 bytes)
1775130625.575405 sending message 105 to peer 0xaaaae6e96250 (12 bytes)
1775130625.575409 sending message 105 to peer 0xaaaae6e96250 (38 bytes)
1775130625.575413 sending message 106 to peer 0xaaaae6e96250 (0 bytes)
1775130625.575420 sending message 200 to peer 0xaaaae6e96250 (4 bytes)
1775130625.575424 client loop enter
1775130625.575895 peer 0xaaaae6e96250 message 303
1775130625.575906 open write file 2 -
1775130625.575918 sending message 305 to peer 0xaaaae6e96250 (8 bytes)
1775130625.575927 write check file 2
1775130625.575999 peer 0xaaaae6e96250 message 304
1775130625.576004 write 58 to file 2
1775130625.576014 peer 0xaaaae6e96250 message 203
1775130625.576018 file 2 58 bytes left
1775130625.576038 write check file 2
1775130625.576047 client loop exit
